<?xml version="1.0" encoding="UTF-8"?>
<!-- Generated by org.testng.reporters.JUnitReportReporter -->
<testsuite skipped="0" hostname="user-PC" name="com.AdOmega.qa.testCases.LeadsPageTest" tests="3" failures="0" timestamp="31 Jan 2020 18:42:03 GMT" time="60.048" errors="0">
  <testcase name="validateCreateLeadTest" time="17.872" classname="com.AdOmega.qa.testCases.LeadsPageTest"/>
  <testcase name="validateCreateLeadTest" time="17.395" classname="com.AdOmega.qa.testCases.LeadsPageTest"/>
  <testcase name="validateCreateLeadTest" time="24.781" classname="com.AdOmega.qa.testCases.LeadsPageTest"/>
</testsuite> <!-- com.AdOmega.qa.testCases.LeadsPageTest -->
