<?xml version="1.0" encoding="UTF-8"?>
<!-- Generated by org.testng.reporters.JUnitReportReporter -->
<testsuite skipped="0" hostname="user-PC" name="com.AdOmega.qa.testCases.HomePageTest" tests="1" failures="0" timestamp="31 Jan 2020 18:42:03 GMT" time="25.713" errors="0">
  <testcase name="clickOnLeadsTabTest" time="25.713" classname="com.AdOmega.qa.testCases.HomePageTest"/>
</testsuite> <!-- com.AdOmega.qa.testCases.HomePageTest -->
