<?xml version="1.0" encoding="UTF-8"?>
<!-- Generated by org.testng.reporters.JUnitReportReporter -->
<testsuite skipped="0" hostname="user-PC" name="com.AdOmega.qa.testCases.LoginPageTest" tests="1" failures="0" timestamp="31 Jan 2020 18:42:03 GMT" time="14.678" errors="0">
  <testcase name="loginTest" time="14.678" classname="com.AdOmega.qa.testCases.LoginPageTest"/>
</testsuite> <!-- com.AdOmega.qa.testCases.LoginPageTest -->
